This is pdfTeX, Version 3.141592653-2.6-1.40.24 (MiKTeX 21.12) (preloaded format=latex 2022.6.3)  3 JUN 2022 19:20
entering extended mode
 restricted \write18 enabled.
 %&-line parsing enabled.
**./payroll.tex
(payroll.tex
LaTeX2e <2021-11-15> patch level 1
L3 programming layer <2021-11-22>
(C:\Program Files\MiKTeX\tex/latex/base\article.cls
Document Class: article 2021/10/04 v1.4n Standard LaTeX document class
(C:\Program Files\MiKTeX\tex/latex/base\size10.clo
File: size10.clo 2021/10/04 v1.4n Standard LaTeX file (size option)
)
\c@part=\count183
\c@section=\count184
\c@subsection=\count185
\c@subsubsection=\count186
\c@paragraph=\count187
\c@subparagraph=\count188
\c@figure=\count189
\c@table=\count190
\abovecaptionskip=\skip47
\belowcaptionskip=\skip48
\bibindent=\dimen138
)
(C:\Program Files\MiKTeX\tex/latex/amsfonts\amssymb.sty
Package: amssymb 2013/01/14 v3.01 AMS font symbols

(C:\Program Files\MiKTeX\tex/latex/amsfonts\amsfonts.sty
Package: amsfonts 2013/01/14 v3.01 Basic AMSFonts support
\@emptytoks=\toks16
\symAMSa=\mathgroup4
\symAMSb=\mathgroup5
LaTeX Font Info:    Redeclaring math symbol \hbar on input line 98.
LaTeX Font Info:    Overwriting math alphabet `\mathfrak' in version `bold'
(Font)                  U/euf/m/n --> U/euf/b/n on input line 106.
))
(C:\Program Files\MiKTeX\tex/latex/amsmath\amsmath.sty
Package: amsmath 2021/10/15 v2.17l AMS math features
\@mathmargin=\skip49

For additional information on amsmath, use the `?' option.
(C:\Program Files\MiKTeX\tex/latex/amsmath\amstext.sty
Package: amstext 2021/08/26 v2.01 AMS text

(C:\Program Files\MiKTeX\tex/latex/amsmath\amsgen.sty
File: amsgen.sty 1999/11/30 v2.0 generic functions
\@emptytoks=\toks17
\ex@=\dimen139
))
(C:\Program Files\MiKTeX\tex/latex/amsmath\amsbsy.sty
Package: amsbsy 1999/11/29 v1.2d Bold Symbols
\pmbraise@=\dimen140
)
(C:\Program Files\MiKTeX\tex/latex/amsmath\amsopn.sty
Package: amsopn 2021/08/26 v2.02 operator names
)
\inf@bad=\count191
LaTeX Info: Redefining \frac on input line 234.
\uproot@=\count192
\leftroot@=\count193
LaTeX Info: Redefining \overline on input line 399.
\classnum@=\count194
\DOTSCASE@=\count195
LaTeX Info: Redefining \ldots on input line 496.
LaTeX Info: Redefining \dots on input line 499.
LaTeX Info: Redefining \cdots on input line 620.
\Mathstrutbox@=\box50
\strutbox@=\box51
\big@size=\dimen141
LaTeX Font Info:    Redeclaring font encoding OML on input line 743.
LaTeX Font Info:    Redeclaring font encoding OMS on input line 744.
\macc@depth=\count196
\c@MaxMatrixCols=\count197
\dotsspace@=\muskip16
\c@parentequation=\count198
\dspbrk@lvl=\count199
\tag@help=\toks18
\row@=\count266
\column@=\count267
\maxfields@=\count268
\andhelp@=\toks19
\eqnshift@=\dimen142
\alignsep@=\dimen143
\tagshift@=\dimen144
\tagwidth@=\dimen145
\totwidth@=\dimen146
\lineht@=\dimen147
\@envbody=\toks20
\multlinegap=\skip50
\multlinetaggap=\skip51
\mathdisplay@stack=\toks21
LaTeX Info: Redefining \[ on input line 2938.
LaTeX Info: Redefining \] on input line 2939.
)
(C:\Program Files\MiKTeX\tex/latex/graphics\graphicx.sty
Package: graphicx 2021/09/16 v1.2d Enhanced LaTeX Graphics (DPC,SPQR)

(C:\Program Files\MiKTeX\tex/latex/graphics\keyval.sty
Package: keyval 2014/10/28 v1.15 key=value parser (DPC)
\KV@toks@=\toks22
)
(C:\Program Files\MiKTeX\tex/latex/graphics\graphics.sty
Package: graphics 2021/03/04 v1.4d Standard LaTeX Graphics (DPC,SPQR)

(C:\Program Files\MiKTeX\tex/latex/graphics\trig.sty
Package: trig 2021/08/11 v1.11 sin cos tan (DPC)
)
(C:\Program Files\MiKTeX\tex/latex/graphics-cfg\graphics.cfg
File: graphics.cfg 2016/06/04 v1.11 sample graphics configuration
)
Package graphics Info: Driver file: dvips.def on input line 107.

(C:\Program Files\MiKTeX\tex/latex/graphics-def\dvips.def
File: dvips.def 2017/06/20 v3.1d Graphics/color driver for dvips
))
\Gin@req@height=\dimen148
\Gin@req@width=\dimen149
)
(C:\Program Files\MiKTeX\tex/latex/l3backend\l3backend-dvips.def
File: l3backend-dvips.def 2021-10-18 L3 backend support: dvips
\l__pdf_internal_box=\box52
\g__pdf_backend_object_int=\count269
\l__pdf_backend_content_box=\box53
\l__pdf_backend_model_box=\box54
\g__pdf_backend_annotation_int=\count270
\g__pdf_backend_link_int=\count271
\g__pdf_backend_link_sf_int=\count272
) (payroll.aux)
\openout1 = `payroll.aux'.

LaTeX Font Info:    Checking defaults for OML/cmm/m/it on input line 15.
LaTeX Font Info:    ... okay on input line 15.
LaTeX Font Info:    Checking defaults for OMS/cmsy/m/n on input line 15.
LaTeX Font Info:    ... okay on input line 15.
LaTeX Font Info:    Checking defaults for OT1/cmr/m/n on input line 15.
LaTeX Font Info:    ... okay on input line 15.
LaTeX Font Info:    Checking defaults for T1/cmr/m/n on input line 15.
LaTeX Font Info:    ... okay on input line 15.
LaTeX Font Info:    Checking defaults for TS1/cmr/m/n on input line 15.
LaTeX Font Info:    ... okay on input line 15.
LaTeX Font Info:    Checking defaults for OMX/cmex/m/n on input line 15.
LaTeX Font Info:    ... okay on input line 15.
LaTeX Font Info:    Checking defaults for U/cmr/m/n on input line 15.
LaTeX Font Info:    ... okay on input line 15.
LaTeX Font Info:    Trying to load font information for OMS+cmr on input line 2
4.
(C:\Program Files\MiKTeX\tex/latex/base\omscmr.fd
File: omscmr.fd 2019/12/16 v2.5j Standard LaTeX font definitions
)
LaTeX Font Info:    Font shape `OMS/cmr/m/n' in size <10> not available
(Font)              Font shape `OMS/cmsy/m/n' tried instead on input line 24.
LaTeX Font Info:    Trying to load font information for U+msa on input line 36.


(C:\Program Files\MiKTeX\tex/latex/amsfonts\umsa.fd
File: umsa.fd 2013/01/14 v3.01 AMS symbols A
)
LaTeX Font Info:    Trying to load font information for U+msb on input line 36.


(C:\Program Files\MiKTeX\tex/latex/amsfonts\umsb.fd
File: umsb.fd 2013/01/14 v3.01 AMS symbols B
)
File: image1.eps Graphic file (type eps)
 <image1.eps> [1

]
Underfull \hbox (badness 10000) in paragraph at lines 131--131
[]\OT1/cmr/bx/n/10 Chapter
 []


Overfull \hbox (38.44241pt too wide) in paragraph at lines 130--170
[][] 
 []

[2]
Overfull \hbox (9.84697pt too wide) in paragraph at lines 231--232
\OT1/cmr/m/n/10 Institute Of Man-age-ment Re-search and De-vel-op-ment \OT1/cmr
/bx/n/10 Col-lege (IMRD), Shirpur 
 []

[3] [4] [5] [6] [7]
Underfull \hbox (badness 10000) in paragraph at lines 612--612
[]\OT1/cmr/bx/n/10 OPERATING
 []


Underfull \hbox (badness 10000) in paragraph at lines 613--613
[]\OT1/cmr/m/n/10 Visual Stu-dio
 []


Underfull \hbox (badness 5260) in paragraph at lines 614--614
[]\OT1/cmr/m/n/10 Microsoft Ac-cess
 []

[8] [9]
File: image2.eps Graphic file (type eps)
 <image2.eps>
File: image3.eps Graphic file (type eps)
 <image3.eps> [10]
File: image4.eps Graphic file (type eps)
 <image4.eps> [11] [12]
File: image5.eps Graphic file (type eps)
 <image5.eps>
Overfull \hbox (53.21967pt too wide) in paragraph at lines 903--904
[] 
 []

[13]
File: image6.eps Graphic file (type eps)
 <image6.eps>
Overfull \hbox (84.99358pt too wide) in paragraph at lines 911--912
[]$[]$ 
 []

[14]
File: image7.eps Graphic file (type eps)
 <image7.eps>
Overfull \hbox (79.95706pt too wide) in paragraph at lines 917--918
[]$[]$ 
 []

[15] [16]
File: image8.eps Graphic file (type eps)
 <image8.eps>
Overfull \hbox (100.17535pt too wide) in paragraph at lines 1045--1046
[] 
 []

File: image9.eps Graphic file (type eps)
<image9.eps>
Overfull \hbox (123.30475pt too wide) in paragraph at lines 1057--1058
$[]$ 
 []

[17]
File: image10.eps Graphic file (type eps)
 <image10.eps>
Overfull \hbox (121.86296pt too wide) in paragraph at lines 1063--1064
$[]$ 
 []

[18]
File: image11.eps Graphic file (type eps)
 <image11.eps>
Overfull \hbox (126.19102pt too wide) in paragraph at lines 1067--1068
$[]$ 
 []

[19]
File: image12.eps Graphic file (type eps)
 <image12.eps>
Overfull \hbox (122.57889pt too wide) in paragraph at lines 1071--1072
$[]$ 
 []

[20]
File: image13.eps Graphic file (type eps)
 <image13.eps>
Overfull \hbox (126.93207pt too wide) in paragraph at lines 1075--1076
$[]$ 
 []

[21]
File: image14.eps Graphic file (type eps)
 <image14.eps>
Overfull \hbox (39.48781pt too wide) in paragraph at lines 1079--1080
$[]$ 
 []

[22] [23] [24] (payroll.aux) ) 
Here is how much of TeX's memory you used:
 2173 strings out of 478660
 31562 string characters out of 2855807
 350913 words of memory out of 3000000
 20298 multiletter control sequences out of 15000+600000
 406401 words of font info for 39 fonts, out of 8000000 for 9000
 1141 hyphenation exceptions out of 8191
 55i,11n,62p,616b,204s stack positions out of 5000i,500n,10000p,200000b,80000s

Output written on payroll.dvi (24 pages, 44236 bytes).
